2012-02-16T20:56:18+00:00 app[web.1]:     7:   <%= csrf_meta_tags %>
2012-02-16T20:56:18+00:00 app[web.1]:     6:   <%= javascript_include_tag "application" %>
2012-02-16T20:56:18+00:00 app[web.1]:     8: </head>
2012-02-16T20:56:18+00:00 app[web.1]:   app/views/layouts/application.html.erb:5:in `_app_views_layouts_application_html_erb___240822748575874766_35353840'
2012-02-16T20:56:18+00:00 app[web.1]: 
2012-02-16T20:56:18+00:00 app[web.1]: cache: [GET /] miss
2012-02-16T20:56:18+00:00 app[web.1]: Rendered posts/index.html.erb within layouts/application (30.5ms)
2012-02-16T20:56:18+00:00 app[web.1]: 
2012-02-16T20:56:18+00:00 app[web.1]: Rendered collection (0.0ms)
2012-02-16T20:56:18+00:00 app[web.1]: Completed 500 Internal Server Error in 32ms
2012-02-16T20:56:18+00:00 app[web.1]:   Processing by PostsController#index as HTML
2012-02-16T20:56:18+00:00 heroku[router]: GET etisfayi.herokuapp.com/ dyno=web.1 queue=0 wait=0ms service=48ms status=500 bytes=728
2012-02-16T20:56:18+00:00 app[web.1]: 
2012-02-16T20:56:18+00:00 app[web.1]: 
2012-02-16T20:56:18+00:00 app[web.1]: Started GET "/" for 95.175.159.6 at 2012-02-16 20:56:18 +0000
2012-02-16T20:56:18+00:00 app[web.1]: ActionView::Template::Error (coderay.css isn't precompiled):
2012-02-16T20:56:18+00:00 app[web.1]:     2: <html>
2012-02-16T20:56:18+00:00 app[web.1]: 
2012-02-16T20:56:18+00:00 app[web.1]:     4:   <title>Blog</title>
2012-02-16T20:56:18+00:00 app[web.1]:     3: <head>
2012-02-16T20:56:18+00:00 app[web.1]:     5:   <%= stylesheet_link_tag "application", "coderay" %>
2012-02-16T20:56:18+00:00 app[web.1]:     6:   <%= javascript_include_tag "application" %>
2012-02-16T20:56:18+00:00 app[web.1]:     7:   <%= csrf_meta_tags %>
2012-02-16T20:56:18+00:00 app[web.1]:     8: </head>
2012-02-16T20:56:18+00:00 app[web.1]: 
2012-02-16T20:56:18+00:00 app[web.1]:   app/views/layouts/application.html.erb:5:in `_app_views_layouts_application_html_erb___240822748575874766_35353840'
2012-02-16T20:56:18+00:00 app[web.1]: 
2012-02-16T20:56:18+00:00 app[web.1]:   Processing by PostsController#index as HTML
2012-02-16T20:56:18+00:00 app[web.1]: Rendered collection (0.0ms)
2012-02-16T20:56:18+00:00 app[web.1]: Rendered posts/index.html.erb within layouts/application (8.6ms)
2012-02-16T20:56:18+00:00 app[web.1]: Completed 500 Internal Server Error in 11ms
2012-02-16T20:56:18+00:00 app[web.1]: cache: [GET /] miss
2012-02-16T20:56:18+00:00 heroku[router]: GET etisfayi.herokuapp.com/ dyno=web.1 queue=0 wait=0ms service=22ms status=500 bytes=728
2012-02-16T20:56:18+00:00 app[web.1]: Started GET "/" for 95.175.159.6 at 2012-02-16 20:56:18 +0000
2012-02-16T20:56:18+00:00 app[web.1]: 
2012-02-16T20:56:18+00:00 app[web.1]: 
2012-02-16T20:56:19+00:00 app[web.1]:     3: <head>
2012-02-16T20:56:19+00:00 app[web.1]: Completed 500 Internal Server Error in 78ms
2012-02-16T20:56:19+00:00 app[web.1]: 
2012-02-16T20:56:19+00:00 app[web.1]: cache: [GET /] miss
2012-02-16T20:56:19+00:00 app[web.1]:     6:   <%= javascript_include_tag "application" %>
2012-02-16T20:56:19+00:00 app[web.1]: Rendered posts/index.html.erb within layouts/application (66.8ms)
2012-02-16T20:56:19+00:00 app[web.1]:     8: </head>
2012-02-16T20:56:19+00:00 app[web.1]:   Processing by PostsController#index as HTML
2012-02-16T20:56:19+00:00 app[web.1]: Rendered collection (0.0ms)
2012-02-16T20:56:19+00:00 app[web.1]: 
2012-02-16T20:56:19+00:00 app[web.1]: ActionView::Template::Error (coderay.css isn't precompiled):
2012-02-16T20:56:19+00:00 app[web.1]:     2: <html>
2012-02-16T20:56:19+00:00 app[web.1]:     5:   <%= stylesheet_link_tag "application", "coderay" %>
2012-02-16T20:56:19+00:00 app[web.1]:     7:   <%= csrf_meta_tags %>
2012-02-16T20:56:19+00:00 heroku[router]: GET etisfayi.herokuapp.com/ dyno=web.1 queue=0 wait=0ms service=142ms status=500 bytes=728
2012-02-16T20:56:19+00:00 app[web.1]: 
2012-02-16T20:56:19+00:00 app[web.1]:   app/views/layouts/application.html.erb:5:in `_app_views_layouts_application_html_erb___240822748575874766_35353840'
2012-02-16T20:56:19+00:00 app[web.1]:     4:   <title>Blog</title>
2012-02-16T21:09:18+00:00 app[web.1]: 
2012-02-16T21:09:18+00:00 app[web.1]: 
2012-02-16T21:09:18+00:00 app[web.1]: Started GET "/" for 95.175.159.6 at 2012-02-16 21:09:18 +0000
2012-02-16T21:09:18+00:00 app[web.1]: 
2012-02-16T21:09:18+00:00 app[web.1]: ActionView::Template::Error (coderay.css isn't precompiled):
2012-02-16T21:09:18+00:00 app[web.1]:     4:   <title>Blog</title>
2012-02-16T21:09:18+00:00 app[web.1]:     3: <head>
2012-02-16T21:09:18+00:00 app[web.1]:     7:   <%= csrf_meta_tags %>
2012-02-16T21:09:18+00:00 app[web.1]:     2: <html>
2012-02-16T21:09:18+00:00 app[web.1]:     5:   <%= stylesheet_link_tag "application", "coderay" %>
2012-02-16T21:09:18+00:00 app[web.1]:     6:   <%= javascript_include_tag "application" %>
2012-02-16T21:09:18+00:00 app[web.1]:     8: </head>
2012-02-16T21:09:18+00:00 app[web.1]: cache: [GET /] miss
2012-02-16T21:09:18+00:00 app[web.1]: 
2012-02-16T21:09:18+00:00 app[web.1]:   app/views/layouts/application.html.erb:5:in `_app_views_layouts_application_html_erb___240822748575874766_35353840'
2012-02-16T21:09:18+00:00 app[web.1]: 
2012-02-16T21:09:18+00:00 app[web.1]: Rendered collection (0.0ms)
2012-02-16T21:09:18+00:00 app[web.1]:   Processing by PostsController#index as HTML
2012-02-16T21:09:18+00:00 app[web.1]: Completed 500 Internal Server Error in 9ms
2012-02-16T21:09:18+00:00 app[web.1]: Rendered posts/index.html.erb within layouts/application (5.6ms)
2012-02-16T21:09:18+00:00 heroku[router]: GET etisfayi.herokuapp.com/ dyno=web.1 queue=0 wait=0ms service=19ms status=500 bytes=728
2012-02-16T21:09:19+00:00 heroku[router]: GET etisfayi.herokuapp.com/favicon.ico dyno=web.1 queue=0 wait=0ms service=9ms status=304 bytes=0
2012-02-16T21:09:19+00:00 app[web.1]: cache: [GET /favicon.ico] stale, invalid, store
2012-02-16T21:32:25+00:00 app[web.1]: 
2012-02-16T21:32:25+00:00 app[web.1]: 
2012-02-16T21:32:25+00:00 app[web.1]: Started GET "/" for 95.175.159.6 at 2012-02-16 21:32:25 +0000
2012-02-16T21:32:25+00:00 app[web.1]: 
2012-02-16T21:32:25+00:00 app[web.1]: ActionView::Template::Error (coderay.css isn't precompiled):
2012-02-16T21:32:25+00:00 app[web.1]:     3: <head>
2012-02-16T21:32:25+00:00 app[web.1]:     2: <html>
2012-02-16T21:32:25+00:00 app[web.1]:     5:   <%= stylesheet_link_tag "application", "coderay" %>
2012-02-16T21:32:25+00:00 app[web.1]:     7:   <%= csrf_meta_tags %>
2012-02-16T21:32:25+00:00 app[web.1]:     4:   <title>Blog</title>
2012-02-16T21:32:25+00:00 app[web.1]:     6:   <%= javascript_include_tag "application" %>
2012-02-16T21:32:25+00:00 app[web.1]:     8: </head>
2012-02-16T21:32:25+00:00 app[web.1]:   Processing by PostsController#index as HTML
2012-02-16T21:32:25+00:00 app[web.1]: Rendered posts/index.html.erb within layouts/application (4.0ms)
2012-02-16T21:32:25+00:00 app[web.1]: Rendered collection (0.0ms)
2012-02-16T21:32:25+00:00 app[web.1]: Completed 500 Internal Server Error in 6ms
2012-02-16T21:32:25+00:00 heroku[router]: GET etisfayi.herokuapp.com/ dyno=web.1 queue=0 wait=0ms service=13ms status=500 bytes=728
2012-02-16T21:32:25+00:00 app[web.1]: cache: [GET /] miss
2012-02-16T21:32:25+00:00 app[web.1]:   app/views/layouts/application.html.erb:5:in `_app_views_layouts_application_html_erb___240822748575874766_35353840'
2012-02-16T21:32:25+00:00 app[web.1]: 
2012-02-16T21:32:25+00:00 app[web.1]: 
2012-02-16T21:32:26+00:00 heroku[router]: GET etisfayi.herokuapp.com/favicon.ico dyno=web.1 queue=0 wait=0ms service=7ms status=304 bytes=0
2012-02-16T21:32:26+00:00 app[web.1]: cache: [GET /favicon.ico] stale, invalid, store
